The system is: Windows - 10.0.19042 - AMD64
Compiling the C compiler identification source file "CMakeCCompilerId.c" succeeded.
Compiler: C:/Program Files (x86)/Microsoft Visual Studio/2019/BuildTools/VC/Tools/MSVC/14.29.30037/bin/Hostx86/x64/cl.exe 
Build flags: 
Id flags:  

The output was:
0
Compilateur d'optimisation Microsoft (R) C/C++ version 19.29.30037 pour x64
Copyright (C) Microsoft Corporation. Tous droits réservés.

CMakeCCompilerId.c
Microsoft (R) Incremental Linker Version 14.29.30037.0
Copyright (C) Microsoft Corporation.  All rights reserved.

/out:CMakeCCompilerId.exe 
CMakeCCompilerId.obj 


Compilation of the C compiler identification source "CMakeCCompilerId.c" produced "CMakeCCompilerId.exe"

Compilation of the C compiler identification source "CMakeCCompilerId.c" produced "CMakeCCompilerId.obj"

The C compiler identification is MSVC, found in "C:/Users/bowet/Documents/GitHub/projetAnnuel/cmake-build-debug/CMakeFiles/3.19.2/CompilerIdC/CMakeCCompilerId.exe"

Compiling the CXX compiler identification source file "CMakeCXXCompilerId.cpp" succeeded.
Compiler: C:/Program Files (x86)/Microsoft Visual Studio/2019/BuildTools/VC/Tools/MSVC/14.29.30037/bin/Hostx86/x64/cl.exe 
Build flags: 
Id flags:  

The output was:
0
Compilateur d'optimisation Microsoft (R) C/C++ version 19.29.30037 pour x64
Copyright (C) Microsoft Corporation. Tous droits réservés.

CMakeCXXCompilerId.cpp
Microsoft (R) Incremental Linker Version 14.29.30037.0
Copyright (C) Microsoft Corporation.  All rights reserved.

/out:CMakeCXXCompilerId.exe 
CMakeCXXCompilerId.obj 


Compilation of the CXX compiler identification source "CMakeCXXCompilerId.cpp" produced "CMakeCXXCompilerId.exe"

Compilation of the CXX compiler identification source "CMakeCXXCompilerId.cpp" produced "CMakeCXXCompilerId.obj"

The CXX compiler identification is MSVC, found in "C:/Users/bowet/Documents/GitHub/projetAnnuel/cmake-build-debug/CMakeFiles/3.19.2/CompilerIdCXX/CMakeCXXCompilerId.exe"

Detecting C compiler ABI info compiled with the following output:
Change Dir: C:/Users/bowet/Documents/GitHub/projetAnnuel/cmake-build-debug/CMakeFiles/CMakeTmp

Run Build Command(s):nmake /nologo cmTC_896cd\fast && 	"C:\Program Files (x86)\Microsoft Visual Studio\2019\BuildTools\VC\Tools\MSVC\14.29.30037\bin\HostX86\x64\nmake.exe"  -f CMakeFiles\cmTC_896cd.dir\build.make /nologo -L                  CMakeFiles\cmTC_896cd.dir\build
Building C object CMakeFiles/cmTC_896cd.dir/CMakeCCompilerABI.c.obj
	C:\PROGRA~2\MICROS~4\2019\BUILDT~1\VC\Tools\MSVC\1429~1.300\bin\Hostx86\x64\cl.exe @C:\Users\bowet\AppData\Local\Temp\nm2765.tmp
CMakeCCompilerABI.c
Linking C executable cmTC_896cd.exe
	C:\Users\bowet\AppData\Local\JetBrains\Toolbox\apps\CLion\ch-0\211.7442.42\bin\cmake\win\bin\cmake.exe -E vs_link_exe --intdir=CMakeFiles\cmTC_896cd.dir --rc=C:\PROGRA~2\WI3CF2~1\10\bin\100190~1.0\x86\rc.exe --mt=C:\PROGRA~2\WI3CF2~1\10\bin\100190~1.0\x86\mt.exe --manifests -- C:\PROGRA~2\MICROS~4\2019\BUILDT~1\VC\Tools\MSVC\1429~1.300\bin\Hostx86\x64\link.exe /nologo @CMakeFiles\cmTC_896cd.dir\objects1.rsp @C:\Users\bowet\AppData\Local\Temp\nm29A8.tmp



Detecting CXX compiler ABI info compiled with the following output:
Change Dir: C:/Users/bowet/Documents/GitHub/projetAnnuel/cmake-build-debug/CMakeFiles/CMakeTmp

Run Build Command(s):nmake /nologo cmTC_d4886\fast && 	"C:\Program Files (x86)\Microsoft Visual Studio\2019\BuildTools\VC\Tools\MSVC\14.29.30037\bin\HostX86\x64\nmake.exe"  -f CMakeFiles\cmTC_d4886.dir\build.make /nologo -L                  CMakeFiles\cmTC_d4886.dir\build
Building CXX object CMakeFiles/cmTC_d4886.dir/CMakeCXXCompilerABI.cpp.obj
	C:\PROGRA~2\MICROS~4\2019\BUILDT~1\VC\Tools\MSVC\1429~1.300\bin\Hostx86\x64\cl.exe @C:\Users\bowet\AppData\Local\Temp\nm2F44.tmp
CMakeCXXCompilerABI.cpp
Linking CXX executable cmTC_d4886.exe
	C:\Users\bowet\AppData\Local\JetBrains\Toolbox\apps\CLion\ch-0\211.7442.42\bin\cmake\win\bin\cmake.exe -E vs_link_exe --intdir=CMakeFiles\cmTC_d4886.dir --rc=C:\PROGRA~2\WI3CF2~1\10\bin\100190~1.0\x86\rc.exe --mt=C:\PROGRA~2\WI3CF2~1\10\bin\100190~1.0\x86\mt.exe --manifests -- C:\PROGRA~2\MICROS~4\2019\BUILDT~1\VC\Tools\MSVC\1429~1.300\bin\Hostx86\x64\link.exe /nologo @CMakeFiles\cmTC_d4886.dir\objects1.rsp @C:\Users\bowet\AppData\Local\Temp\nm309D.tmp



